<?xml version="1.0" encoding="UTF-8"?>
<!-- Generated by org.testng.reporters.JUnitReportReporter -->
<testsuite hostname="Sandeep-PC" name="learn.sandeep.vk" tests="3" failures="0" timestamp="23 Apr 2020 08:46:44 GMT" time="0.028" errors="0">
  <testcase name="postjira" time="0.001" classname="learn.sandeep.vk"/>
  <testcase name="deleteTwitter" time="0.026" classname="learn.sandeep.vk"/>
  <testcase name="lenovo" time="0.001" classname="learn.sandeep.vk"/>
</testsuite>
