<?xml version="1.0" encoding="UTF-8"?>
<!-- Generated by org.testng.reporters.JUnitReportReporter -->
<testsuite name="learn.sandeep.vk" tests="1" time="0.025" ignored="0" failures="0" timestamp="21 Apr 2020 10:34:58 GMT" skipped="0" hostname="Sandeep-PC" errors="0">
  <testcase name="lenovo" time="0.025" classname="learn.sandeep.vk"/>
</testsuite> <!-- learn.sandeep.vk -->
